\BOOKMARK [1][-]{section.1}{Einleitung}{}% 1
\BOOKMARK [1][-]{section.2}{Kompression und Dekompression}{}% 2
\BOOKMARK [2][-]{subsection.2.1}{Grundlagen}{section.2}% 3
\BOOKMARK [2][-]{subsection.2.2}{\334ber die M\366glichkeit der Datenkompression}{section.2}% 4
\BOOKMARK [2][-]{subsection.2.3}{Entropiekodierer}{section.2}% 5
\BOOKMARK [3][-]{subsubsection.2.3.1}{Die Entropie}{subsection.2.3}% 6
\BOOKMARK [3][-]{subsubsection.2.3.2}{Kompression nach dem Verfahren von Shannon}{subsection.2.3}% 7
\BOOKMARK [3][-]{subsubsection.2.3.3}{Kompression nach dem Verfahren von Fano}{subsection.2.3}% 8
\BOOKMARK [3][-]{subsubsection.2.3.4}{Huffman-Algorithmus}{subsection.2.3}% 9
\BOOKMARK [3][-]{subsubsection.2.3.5}{Erweiterte Huffman-Codierung}{subsection.2.3}% 10
\BOOKMARK [3][-]{subsubsection.2.3.6}{Arithmetisches Kodieren}{subsection.2.3}% 11
\BOOKMARK [1][-]{section.3}{Kompression von Bilddateien durch Anwendung von Filtern}{}% 12
\BOOKMARK [2][-]{subsection.3.1}{Verwendete Filter}{section.3}% 13
\BOOKMARK [3][-]{subsubsection.3.1.1}{Filtertyp 0: NONE}{subsection.3.1}% 14
\BOOKMARK [3][-]{subsubsection.3.1.2}{Filtertyp 1: SUB}{subsection.3.1}% 15
\BOOKMARK [3][-]{subsubsection.3.1.3}{Filtertyp 2: UP}{subsection.3.1}% 16
\BOOKMARK [3][-]{subsubsection.3.1.4}{Filtertyp 3: AVERAGE-2}{subsection.3.1}% 17
\BOOKMARK [3][-]{subsubsection.3.1.5}{Filtertyp 4: AVERAGE-3}{subsection.3.1}% 18
\BOOKMARK [3][-]{subsubsection.3.1.6}{Filtertyp 5: AVERAGE-4}{subsection.3.1}% 19
\BOOKMARK [3][-]{subsubsection.3.1.7}{Filtertyp 6: AVERAGE-5}{subsection.3.1}% 20
\BOOKMARK [3][-]{subsubsection.3.1.8}{Filtertyp 7: AVERAGE-6}{subsection.3.1}% 21
\BOOKMARK [3][-]{subsubsection.3.1.9}{Filtertyp 8: AVERAGE-7}{subsection.3.1}% 22
\BOOKMARK [3][-]{subsubsection.3.1.10}{Filtertyp 9: AVERAGE-8}{subsection.3.1}% 23
\BOOKMARK [3][-]{subsubsection.3.1.11}{Filtertyp 10: PAETH}{subsection.3.1}% 24
\BOOKMARK [2][-]{subsection.3.2}{Fazit zur Wahl der Filter}{section.3}% 25
\BOOKMARK [1][-]{section.4}{Asymmetrische Zahlensysteme}{}% 26
\BOOKMARK [2][-]{subsection.4.1}{Einf\374hrung}{section.4}% 27
\BOOKMARK [2][-]{subsection.4.2}{Einf\374hrendes Beispiel: Uniform binary variant streaming \(uABS\)}{section.4}% 28
\BOOKMARK [2][-]{subsection.4.3}{uABS f\374r n-elementige Symbolalphabete \(uANS\)}{section.4}% 29
\BOOKMARK [2][-]{subsection.4.4}{Allgemeine Asymmetrische Zahlensysteme \(ANS\)}{section.4}% 30
\BOOKMARK [2][-]{subsection.4.5}{Vergleich der beiden Verfahren}{section.4}% 31
\BOOKMARK [2][-]{subsection.4.6}{Beschleunigung des uANS-Verfahrens}{section.4}% 32
\BOOKMARK [1][-]{section.5}{Vergleich zu Huffmann und Arithmetischem Kodieren}{}% 33
\BOOKMARK [1][-]{section.6}{Vektorisierung}{}% 34
\BOOKMARK [2][-]{subsection.6.1}{Normalisierung}{section.6}% 35
\BOOKMARK [3][-]{subsubsection.6.1.1}{Normalisierung im Rahmen des uANS-Verfahrens}{subsection.6.1}% 36
\BOOKMARK [3][-]{subsubsection.6.1.2}{Normalisierung im Rahmen des ANS-Verfahrens}{subsection.6.1}% 37
\BOOKMARK [1][-]{section.7}{Ergebnisse}{}% 38
\BOOKMARK [2][-]{subsection.7.1}{Ergebnisse der Normalisierung}{section.7}% 39
\BOOKMARK [2][-]{subsection.7.2}{Ergebnisse der Filterung}{section.7}% 40
\BOOKMARK [3][-]{subsubsection.7.2.1}{Verhalten der Entropie unter Verwendung der Filterung und Normalisierung}{subsection.7.2}% 41
\BOOKMARK [1][-]{section.8}{Kommandozeilenparameter}{}% 42
\BOOKMARK [1][-]{section.9}{Literaturverzeichnis}{}% 43
